ERROR - 2022-10-01 00:48:06 --> Error connecting to the database: No such file or directory
CRITICAL - 2022-10-01 00:48:06 --> Unable to connect to the database.
Main connection [MySQLi]: No such file or directory
#0 /var/www/html/app/vendor/codeigniter4/framework/system/Database/BaseConnection.php(577): CodeIgniter\Database\BaseConnection->initialize()
#1 /var/www/html/app/app/Controllers/StructureByAssistRateController.php(8): CodeIgniter\Database\BaseConnection->query('SELECT * FROM u...')
#2 /var/www/html/app/vendor/codeigniter4/framework/system/CodeIgniter.php(824): App\Controllers\StructureByAssistRateController->index()
#3 /var/www/html/app/vendor/codeigniter4/framework/system/CodeIgniter.php(410): CodeIgniter\CodeIgniter->runController(Object(App\Controllers\StructureByAssistRateController))
#4 /var/www/html/app/vendor/codeigniter4/framework/system/CodeIgniter.php(318): CodeIgniter\CodeIgniter->handleRequest(NULL, Object(Config\Cache), false)
#5 /var/www/html/app/public/index.php(37): CodeIgniter\CodeIgniter->run()
#6 {main}
ERROR - 2022-10-01 00:52:07 --> Error connecting to the database: No such file or directory
CRITICAL - 2022-10-01 00:52:07 --> Unable to connect to the database.
Main connection [MySQLi]: No such file or directory
#0 /var/www/html/app/vendor/codeigniter4/framework/system/Database/BaseConnection.php(577): CodeIgniter\Database\BaseConnection->initialize()
#1 /var/www/html/app/app/Controllers/StructureByAssistRateController.php(9): CodeIgniter\Database\BaseConnection->query('SELECT * FROM u...')
#2 /var/www/html/app/vendor/codeigniter4/framework/system/CodeIgniter.php(824): App\Controllers\StructureByAssistRateController->index()
#3 /var/www/html/app/vendor/codeigniter4/framework/system/CodeIgniter.php(410): CodeIgniter\CodeIgniter->runController(Object(App\Controllers\StructureByAssistRateController))
#4 /var/www/html/app/vendor/codeigniter4/framework/system/CodeIgniter.php(318): CodeIgniter\CodeIgniter->handleRequest(NULL, Object(Config\Cache), false)
#5 /var/www/html/app/public/index.php(37): CodeIgniter\CodeIgniter->run()
#6 {main}
CRITICAL - 2022-10-01 00:54:48 --> syntax error, unexpected '::' (T_PAAMAYIM_NEKUDOTAYIM), expecting ';' or ','
#0 /var/www/html/app/vendor/codeigniter4/framework/system/Autoloader/Autoloader.php(241): CodeIgniter\Autoloader\Autoloader->includeFile('/var/www/html/a...')
#1 /var/www/html/app/vendor/codeigniter4/framework/system/Autoloader/Autoloader.php(219): CodeIgniter\Autoloader\Autoloader->loadInNamespace('App\\Controllers...')
#2 [internal function]: CodeIgniter\Autoloader\Autoloader->loadClass('App\\Controllers...')
#3 [internal function]: spl_autoload_call('App\\Controllers...')
#4 /var/www/html/app/vendor/codeigniter4/framework/system/CodeIgniter.php(789): class_exists('\\App\\Controller...', true)
#5 /var/www/html/app/vendor/codeigniter4/framework/system/CodeIgniter.php(397): CodeIgniter\CodeIgniter->startController()
#6 /var/www/html/app/vendor/codeigniter4/framework/system/CodeIgniter.php(318): CodeIgniter\CodeIgniter->handleRequest(NULL, Object(Config\Cache), false)
#7 /var/www/html/app/public/index.php(37): CodeIgniter\CodeIgniter->run()
#8 {main}
ERROR - 2022-10-01 00:55:06 --> Error connecting to the database: No such file or directory
CRITICAL - 2022-10-01 00:55:06 --> Unable to connect to the database.
Main connection [MySQLi]: No such file or directory
#0 /var/www/html/app/vendor/codeigniter4/framework/system/Database/BaseConnection.php(577): CodeIgniter\Database\BaseConnection->initialize()
#1 /var/www/html/app/app/Controllers/StructureByAssistRateController.php(10): CodeIgniter\Database\BaseConnection->query('SELECT * FROM u...')
#2 /var/www/html/app/vendor/codeigniter4/framework/system/CodeIgniter.php(824): App\Controllers\StructureByAssistRateController->index()
#3 /var/www/html/app/vendor/codeigniter4/framework/system/CodeIgniter.php(410): CodeIgniter\CodeIgniter->runController(Object(App\Controllers\StructureByAssistRateController))
#4 /var/www/html/app/vendor/codeigniter4/framework/system/CodeIgniter.php(318): CodeIgniter\CodeIgniter->handleRequest(NULL, Object(Config\Cache), false)
#5 /var/www/html/app/public/index.php(37): CodeIgniter\CodeIgniter->run()
#6 {main}
ERROR - 2022-10-01 00:55:53 --> Error connecting to the database: No such file or directory
CRITICAL - 2022-10-01 00:55:53 --> Unable to connect to the database.
Main connection [MySQLi]: No such file or directory
#0 /var/www/html/app/vendor/codeigniter4/framework/system/Database/BaseConnection.php(577): CodeIgniter\Database\BaseConnection->initialize()
#1 /var/www/html/app/app/Controllers/StructureByAssistRateController.php(10): CodeIgniter\Database\BaseConnection->query('SELECT * FROM u...')
#2 /var/www/html/app/vendor/codeigniter4/framework/system/CodeIgniter.php(824): App\Controllers\StructureByAssistRateController->index()
#3 /var/www/html/app/vendor/codeigniter4/framework/system/CodeIgniter.php(410): CodeIgniter\CodeIgniter->runController(Object(App\Controllers\StructureByAssistRateController))
#4 /var/www/html/app/vendor/codeigniter4/framework/system/CodeIgniter.php(318): CodeIgniter\CodeIgniter->handleRequest(NULL, Object(Config\Cache), false)
#5 /var/www/html/app/public/index.php(37): CodeIgniter\CodeIgniter->run()
#6 {main}
ERROR - 2022-10-01 01:33:34 --> Error connecting to the database: No such file or directory
CRITICAL - 2022-10-01 01:33:34 --> Unable to connect to the database.
Main connection [MySQLi]: No such file or directory
#0 /var/www/html/app/vendor/codeigniter4/framework/system/Database/BaseConnection.php(577): CodeIgniter\Database\BaseConnection->initialize()
#1 /var/www/html/app/vendor/codeigniter4/framework/system/Database/BaseBuilder.php(1443): CodeIgniter\Database\BaseConnection->query('SELECT *\nFROM `...', Array, false)
#2 /var/www/html/app/vendor/codeigniter4/framework/system/Model.php(183): CodeIgniter\Database\BaseBuilder->get()
#3 /var/www/html/app/vendor/codeigniter4/framework/system/BaseModel.php(584): CodeIgniter\Model->doFindAll(0, 0)
#4 /var/www/html/app/app/Controllers/StructureByAssistRateController.php(18): CodeIgniter\BaseModel->findAll()
#5 /var/www/html/app/vendor/codeigniter4/framework/system/CodeIgniter.php(824): App\Controllers\StructureByAssistRateController->index()
#6 /var/www/html/app/vendor/codeigniter4/framework/system/CodeIgniter.php(410): CodeIgniter\CodeIgniter->runController(Object(App\Controllers\StructureByAssistRateController))
#7 /var/www/html/app/vendor/codeigniter4/framework/system/CodeIgniter.php(318): CodeIgniter\CodeIgniter->handleRequest(NULL, Object(Config\Cache), false)
#8 /var/www/html/app/public/index.php(37): CodeIgniter\CodeIgniter->run()
#9 {main}
ERROR - 2022-10-01 01:38:55 --> Error connecting to the database: No such file or directory
CRITICAL - 2022-10-01 01:38:55 --> Unable to connect to the database.
Main connection [MySQLi]: No such file or directory
#0 /var/www/html/app/vendor/codeigniter4/framework/system/Database/BaseConnection.php(577): CodeIgniter\Database\BaseConnection->initialize()
#1 /var/www/html/app/vendor/codeigniter4/framework/system/Database/BaseBuilder.php(1443): CodeIgniter\Database\BaseConnection->query('SELECT *\nFROM `...', Array, false)
#2 /var/www/html/app/vendor/codeigniter4/framework/system/Model.php(183): CodeIgniter\Database\BaseBuilder->get()
#3 /var/www/html/app/vendor/codeigniter4/framework/system/BaseModel.php(584): CodeIgniter\Model->doFindAll(0, 0)
#4 /var/www/html/app/app/Controllers/StructureByAssistRateController.php(18): CodeIgniter\BaseModel->findAll()
#5 /var/www/html/app/vendor/codeigniter4/framework/system/CodeIgniter.php(824): App\Controllers\StructureByAssistRateController->index()
#6 /var/www/html/app/vendor/codeigniter4/framework/system/CodeIgniter.php(410): CodeIgniter\CodeIgniter->runController(Object(App\Controllers\StructureByAssistRateController))
#7 /var/www/html/app/vendor/codeigniter4/framework/system/CodeIgniter.php(318): CodeIgniter\CodeIgniter->handleRequest(NULL, Object(Config\Cache), false)
#8 /var/www/html/app/public/index.php(37): CodeIgniter\CodeIgniter->run()
#9 {main}
ERROR - 2022-10-01 01:40:37 --> Error connecting to the database: No such file or directory
CRITICAL - 2022-10-01 01:40:37 --> Unable to connect to the database.
Main connection [MySQLi]: No such file or directory
#0 /var/www/html/app/vendor/codeigniter4/framework/system/Database/BaseConnection.php(577): CodeIgniter\Database\BaseConnection->initialize()
#1 /var/www/html/app/vendor/codeigniter4/framework/system/Database/BaseBuilder.php(1443): CodeIgniter\Database\BaseConnection->query('SELECT *\nFROM `...', Array, false)
#2 /var/www/html/app/vendor/codeigniter4/framework/system/Model.php(183): CodeIgniter\Database\BaseBuilder->get()
#3 /var/www/html/app/vendor/codeigniter4/framework/system/BaseModel.php(584): CodeIgniter\Model->doFindAll(0, 0)
#4 /var/www/html/app/app/Controllers/StructureByAssistRateController.php(18): CodeIgniter\BaseModel->findAll()
#5 /var/www/html/app/vendor/codeigniter4/framework/system/CodeIgniter.php(824): App\Controllers\StructureByAssistRateController->index()
#6 /var/www/html/app/vendor/codeigniter4/framework/system/CodeIgniter.php(410): CodeIgniter\CodeIgniter->runController(Object(App\Controllers\StructureByAssistRateController))
#7 /var/www/html/app/vendor/codeigniter4/framework/system/CodeIgniter.php(318): CodeIgniter\CodeIgniter->handleRequest(NULL, Object(Config\Cache), false)
#8 /var/www/html/app/public/index.php(37): CodeIgniter\CodeIgniter->run()
#9 {main}
ERROR - 2022-10-01 05:53:14 --> Table 'isoc.usersss' doesn't exist
CRITICAL - 2022-10-01 05:53:14 --> Call to a member function getResult() on bool
#0 /var/www/html/app/vendor/codeigniter4/framework/system/CodeIgniter.php(824): App\Controllers\StructureByAssistRateController->index()
#1 /var/www/html/app/vendor/codeigniter4/framework/system/CodeIgniter.php(410): CodeIgniter\CodeIgniter->runController(Object(App\Controllers\StructureByAssistRateController))
#2 /var/www/html/app/vendor/codeigniter4/framework/system/CodeIgniter.php(318): CodeIgniter\CodeIgniter->handleRequest(NULL, Object(Config\Cache), false)
#3 /var/www/html/app/public/index.php(37): CodeIgniter\CodeIgniter->run()
#4 {main}
ERROR - 2022-10-01 05:53:35 --> Table 'isoc.usersss' doesn't exist
CRITICAL - 2022-10-01 05:53:35 --> Table 'isoc.usersss' doesn't exist
#0 /var/www/html/app/vendor/codeigniter4/framework/system/Database/MySQLi/Connection.php(292): mysqli->query('SELECT * FROM u...', 0)
#1 /var/www/html/app/vendor/codeigniter4/framework/system/Database/BaseConnection.php(670): CodeIgniter\Database\MySQLi\Connection->execute('SELECT * FROM u...')
#2 /var/www/html/app/vendor/codeigniter4/framework/system/Database/BaseConnection.php(598): CodeIgniter\Database\BaseConnection->simpleQuery('SELECT * FROM u...')
#3 /var/www/html/app/app/Controllers/StructureByAssistRateController.php(11): CodeIgniter\Database\BaseConnection->query('SELECT * FROM u...')
#4 /var/www/html/app/vendor/codeigniter4/framework/system/CodeIgniter.php(824): App\Controllers\StructureByAssistRateController->index()
#5 /var/www/html/app/vendor/codeigniter4/framework/system/CodeIgniter.php(410): CodeIgniter\CodeIgniter->runController(Object(App\Controllers\StructureByAssistRateController))
#6 /var/www/html/app/vendor/codeigniter4/framework/system/CodeIgniter.php(318): CodeIgniter\CodeIgniter->handleRequest(NULL, Object(Config\Cache), false)
#7 /var/www/html/app/public/index.php(37): CodeIgniter\CodeIgniter->run()
#8 {main}
ERROR - 2022-10-01 22:41:09 --> Table 'isoc.usersss' doesn't exist
CRITICAL - 2022-10-01 22:41:09 --> Table 'isoc.usersss' doesn't exist
#0 /var/www/html/app/vendor/codeigniter4/framework/system/Database/MySQLi/Connection.php(292): mysqli->query('SELECT * FROM u...', 0)
#1 /var/www/html/app/vendor/codeigniter4/framework/system/Database/BaseConnection.php(670): CodeIgniter\Database\MySQLi\Connection->execute('SELECT * FROM u...')
#2 /var/www/html/app/vendor/codeigniter4/framework/system/Database/BaseConnection.php(598): CodeIgniter\Database\BaseConnection->simpleQuery('SELECT * FROM u...')
#3 /var/www/html/app/app/Controllers/StructureByAssistRateController.php(11): CodeIgniter\Database\BaseConnection->query('SELECT * FROM u...')
#4 /var/www/html/app/vendor/codeigniter4/framework/system/CodeIgniter.php(824): App\Controllers\StructureByAssistRateController->index()
#5 /var/www/html/app/vendor/codeigniter4/framework/system/CodeIgniter.php(410): CodeIgniter\CodeIgniter->runController(Object(App\Controllers\StructureByAssistRateController))
#6 /var/www/html/app/vendor/codeigniter4/framework/system/CodeIgniter.php(318): CodeIgniter\CodeIgniter->handleRequest(NULL, Object(Config\Cache), false)
#7 /var/www/html/app/public/index.php(37): CodeIgniter\CodeIgniter->run()
#8 {main}
