CRITICAL - 2022-09-30 10:18:28 --> Invalid file: partials/left-sidebar.php
#0 /var/www/html/app/vendor/codeigniter4/framework/system/View/View.php(198): CodeIgniter\Exceptions\FrameworkException::forInvalidFile('partials/left-s...')
#1 /var/www/html/app/vendor/codeigniter4/framework/system/View/View.php(432): CodeIgniter\View\View->render('partials/left-s...', NULL, true)
#2 /var/www/html/app/app/Views/theme/layout.php(16): CodeIgniter\View\View->include('partials/left-s...')
#3 /var/www/html/app/vendor/codeigniter4/framework/system/View/View.php(214): include('/var/www/html/a...')
#4 /var/www/html/app/vendor/codeigniter4/framework/system/View/View.php(217): CodeIgniter\View\View->CodeIgniter\View\{closure}()
#5 /var/www/html/app/vendor/codeigniter4/framework/system/View/View.php(230): CodeIgniter\View\View->render('theme/layout', Array, true)
#6 /var/www/html/app/vendor/codeigniter4/framework/system/Common.php(1097): CodeIgniter\View\View->render('test', Array, true)
#7 /var/www/html/app/app/Controllers/Home.php(11): view('test', Array)
#8 /var/www/html/app/vendor/codeigniter4/framework/system/CodeIgniter.php(824): App\Controllers\Home->index()
#9 /var/www/html/app/vendor/codeigniter4/framework/system/CodeIgniter.php(410): CodeIgniter\CodeIgniter->runController(Object(App\Controllers\Home))
#10 /var/www/html/app/vendor/codeigniter4/framework/system/CodeIgniter.php(318): CodeIgniter\CodeIgniter->handleRequest(NULL, Object(Config\Cache), false)
#11 /var/www/html/app/public/index.php(37): CodeIgniter\CodeIgniter->run()
#12 {main}
CRITICAL - 2022-09-30 10:20:27 --> Cannot declare class App\Controllers\Home, because the name is already in use
#0 [internal function]: CodeIgniter\Debug\Exceptions->shutdownHandler()
#1 {main}
CRITICAL - 2022-09-30 11:09:30 --> Invalid file: theme/layout.php
#0 /var/www/html/app/vendor/codeigniter4/framework/system/View/View.php(198): CodeIgniter\Exceptions\FrameworkException::forInvalidFile('theme/layout.ph...')
#1 /var/www/html/app/vendor/codeigniter4/framework/system/View/View.php(230): CodeIgniter\View\View->render('theme/layout', Array, true)
#2 /var/www/html/app/vendor/codeigniter4/framework/system/Common.php(1097): CodeIgniter\View\View->render('test', Array, true)
#3 /var/www/html/app/app/Controllers/Home.php(11): view('test', Array)
#4 /var/www/html/app/vendor/codeigniter4/framework/system/CodeIgniter.php(824): App\Controllers\Home->index()
#5 /var/www/html/app/vendor/codeigniter4/framework/system/CodeIgniter.php(410): CodeIgniter\CodeIgniter->runController(Object(App\Controllers\Home))
#6 /var/www/html/app/vendor/codeigniter4/framework/system/CodeIgniter.php(318): CodeIgniter\CodeIgniter->handleRequest(NULL, Object(Config\Cache), false)
#7 /var/www/html/app/public/index.php(37): CodeIgniter\CodeIgniter->run()
#8 {main}
CRITICAL - 2022-09-30 11:09:47 --> Invalid file: theme/layout.php
#0 /var/www/html/app/vendor/codeigniter4/framework/system/View/View.php(198): CodeIgniter\Exceptions\FrameworkException::forInvalidFile('theme/layout.ph...')
#1 /var/www/html/app/vendor/codeigniter4/framework/system/View/View.php(230): CodeIgniter\View\View->render('theme/layout', Array, true)
#2 /var/www/html/app/vendor/codeigniter4/framework/system/Common.php(1097): CodeIgniter\View\View->render('test', Array, true)
#3 /var/www/html/app/app/Controllers/Home.php(11): view('test', Array)
#4 /var/www/html/app/vendor/codeigniter4/framework/system/CodeIgniter.php(824): App\Controllers\Home->index()
#5 /var/www/html/app/vendor/codeigniter4/framework/system/CodeIgniter.php(410): CodeIgniter\CodeIgniter->runController(Object(App\Controllers\Home))
#6 /var/www/html/app/vendor/codeigniter4/framework/system/CodeIgniter.php(318): CodeIgniter\CodeIgniter->handleRequest(NULL, Object(Config\Cache), false)
#7 /var/www/html/app/public/index.php(37): CodeIgniter\CodeIgniter->run()
#8 {main}
CRITICAL - 2022-09-30 11:12:08 --> Invalid file: layouts-compact-sidebar.php
#0 /var/www/html/app/vendor/codeigniter4/framework/system/View/View.php(198): CodeIgniter\Exceptions\FrameworkException::forInvalidFile('layouts-compact...')
#1 /var/www/html/app/vendor/codeigniter4/framework/system/Common.php(1097): CodeIgniter\View\View->render('layouts-compact...', Array, true)
#2 /var/www/html/app/app/Controllers/Home.php(67): view('layouts-compact...', Array)
#3 /var/www/html/app/vendor/codeigniter4/framework/system/CodeIgniter.php(824): App\Controllers\Home->show_layouts_compact_sidebar()
#4 /var/www/html/app/vendor/codeigniter4/framework/system/CodeIgniter.php(410): CodeIgniter\CodeIgniter->runController(Object(App\Controllers\Home))
#5 /var/www/html/app/vendor/codeigniter4/framework/system/CodeIgniter.php(318): CodeIgniter\CodeIgniter->handleRequest(NULL, Object(Config\Cache), false)
#6 /var/www/html/app/public/index.php(37): CodeIgniter\CodeIgniter->run()
#7 {main}
CRITICAL - 2022-09-30 11:30:51 --> Invalid file: layouts-dark-sidebar.php
#0 /var/www/html/app/vendor/codeigniter4/framework/system/View/View.php(198): CodeIgniter\Exceptions\FrameworkException::forInvalidFile('layouts-dark-si...')
#1 /var/www/html/app/vendor/codeigniter4/framework/system/Common.php(1097): CodeIgniter\View\View->render('layouts-dark-si...', Array, true)
#2 /var/www/html/app/app/Controllers/Home.php(35): view('layouts-dark-si...', Array)
#3 /var/www/html/app/vendor/codeigniter4/framework/system/CodeIgniter.php(824): App\Controllers\Home->show_layouts_dark_sidebar()
#4 /var/www/html/app/vendor/codeigniter4/framework/system/CodeIgniter.php(410): CodeIgniter\CodeIgniter->runController(Object(App\Controllers\Home))
#5 /var/www/html/app/vendor/codeigniter4/framework/system/CodeIgniter.php(318): CodeIgniter\CodeIgniter->handleRequest(NULL, Object(Config\Cache), false)
#6 /var/www/html/app/public/index.php(37): CodeIgniter\CodeIgniter->run()
#7 {main}
